<?xml version="1.0" encoding="UTF-8"?>
<testsuite xmlns:xsi="http://www.w3.org/2001/XMLSchema-instance" xsi:noNamespaceSchemaLocation="https://maven.apache.org/surefire/maven-surefire-plugin/xsd/surefire-test-report-3.0.xsd" version="3.0" name="com.sagar.cache.ConcurrentMemorySensitiveLRUTest" time="0.051" tests="4" errors="0" skipped="0" failures="0">
  <properties>
[...]
</properties>
  <testcase name="testUpdateEntry" classname="com.sagar.cache.ConcurrentMemorySensitiveLRUTest" time="0.024"/>
  <testcase name="testBasicPutAndGet" classname="com.sagar.cache.ConcurrentMemorySensitiveLRUTest" time="0.003"/>
  <testcase name="testEvictionByMemoryLimit" classname="com.sagar.cache.ConcurrentMemorySensitiveLRUTest" time="0.01"/>
  <testcase name="testEvictionByEntryCount" classname="com.sagar.cache.ConcurrentMemorySensitiveLRUTest" time="0.004"/>
</testsuite>